Modifications Occurred!

Expected: /bin/bash -> bc5945feb8bd26203ebfafea5ce18783b2e32cb8fb50ab7ae395cfb1e1aaaef1, Actual: /bin/bash -> bc5945feb8bd26203ebfafea5ce1878bb2e32cb8fb50ab7ae395cfb1e1aaaef1

Expected: /usr/bin/ssh -> 4676e10bbe0a2d6eb19a31738326c5430e2e5a00e5afa666228ebd9e38262723, Actual: /usr/bin/ssh -> 4676e10bbe0a2d6eb19a31738326c543de2e5a90e5afa666228ebd9e38262723

Expected: /etc/passwd -> 4eddef43f754e5bdad339e6dbbca1a0782e80993ab2faef223d80f6ea9027b66, Actual: /etc/passwd -> 4eddef43f754e5bdab939e6dbbca1a0782e80993ab2faef223d80f6ea9027b66

Expected: /etc/shadow -> bfd005a9b2cb23cad82f626b57bde10d41d6bba6c3146ccc1348e375257b7cfb, Actual: /etc/shadow -> bfd005a9b2cb23cad82f626b57bde10d41d6bba6c3146ccc1348e375257b7cfa

Modifications Occurred!

Expected: /bin/bash -> bc5945feb8bd26203ebfafea5ce18783b2e32cb8fb50ab7ae395cfb1e1aaaef1, Actual: /bin/bash -> bc5945feb8bd26203ebfafea5ce1878bb2e32cb8fb50ab7ae395cfb1e1aaaef1

Expected: /usr/bin/ssh -> 4676e10bbe0a2d6eb19a31738326c5430e2e5a00e5afa666228ebd9e38262723, Actual: /usr/bin/ssh -> 4676e10bbe0a2d6eb19a31738326c543de2e5a90e5afa666228ebd9e38262723

Expected: /etc/passwd -> 4eddef43f754e5bdad339e6dbbca1a0782e80993ab2faef223d80f6ea9027b66, Actual: /etc/passwd -> 4eddef43f754e5bdab939e6dbbca1a0782e80993ab2faef223d80f6ea9027b66

Expected: /etc/shadow -> bfd005a9b2cb23cad82f626b57bde10d41d6bba6c3146ccc1348e375257b7cfb, Actual: /etc/shadow -> bfd005a9b2cb23cad82f626b57bde10d41d6bba6c3146ccc1348e375257b7cfa

Modifications Occurred!

Expected: /bin/bash -> bc5945feb8bd262983ebfafea5ce18783b2e32cb8fb50ab7ae395cfb1e1aaaef1, Actual: /bin/bash -> bc5945feb8bd26203ebfafea5ce1878bb2e32cb8fb50ab7ae395cfb1e1aaaef1

Expected: /bin/ls -> 1bea8094b78a39103458d80af3d182390fda07ae5788352651eb7773505dc39af, Actual: /bin/ls -> 1bea8094b78a3910345d80af3d182390fda07ae5788352651eb7773505dc39af

Expected: /usr/bin/ssh -> 4676e10bbe0a2d6eb19a31738326c5430e2e5a00e5af8a666228ebd9e38262723, Actual: /usr/bin/ssh -> 4676e10bbe0a2d6eb19a31738326c543de2e5a90e5afa666228ebd9e38262723

Expected: /etc/passwd -> 4eddef43f754e5bdad339e6dbbca1a07082e80993ab2faef223d80f6ea9027b66, Actual: /etc/passwd -> 4eddef43f754e5bdab939e6dbbca1a0782e80993ab2faef223d80f6ea9027b66

Expected: /etc/shadow -> bfd0058a9b2cb23cad82f626b57bde10d41d6bba6c3146ccc1348e375257b7cfb, Actual: /etc/shadow -> bfd005a9b2cb23cad82f626b57bde10d41d6bba6c3146ccc1348e375257b7cfa

Modifications Occurred!

Expected: /bin/bash -> bc5945feb8bd262983ebfafea5ce18783b2e32cb8fb50ab7ae395cfb1e1aaaef1, Actual: /bin/bash -> bc5945feb8bd26203ebfafea5ce1878bb2e32cb8fb50ab7ae395cfb1e1aaaef1

Expected: /bin/ls -> 1bea8094b78a39103458d80af3d182390fda07ae5788352651eb7773505dc39af, Actual: /bin/ls -> 1bea8094b78a3910345d80af3d182390fda07ae5788352651eb7773505dc39af

Expected: /usr/bin/ssh -> 4676e10bbe0a2d6eb19a31738326c5430e2e5a00e5af8a666228ebd9e38262723, Actual: /usr/bin/ssh -> 4676e10bbe0a2d6eb19a31738326c543de2e5a90e5afa666228ebd9e38262723

Expected: /etc/passwd -> 4eddef43f754e5bdad339e6dbbca1a07082e80993ab2faef223d80f6ea9027b66, Actual: /etc/passwd -> 4eddef43f754e5bdab939e6dbbca1a0782e80993ab2faef223d80f6ea9027b66

Expected: /etc/shadow -> bfd0058a9b2cb23cad82f626b57bde10d41d6bba6c3146ccc1348e375257b7cfb, Actual: /etc/shadow -> bfd005a9b2cb23cad82f626b57bde10d41d6bba6c3146ccc1348e375257b7cfa

Modifications Occurred!

Expected: /bin/bash -> bc5945feb8bd262983ebfafea5ce18783b2e32cb8fb50ab7ae395cfb1e1aaaef1, Actual: /bin/bash -> bc5945feb8bd26203ebfafea5ce1878bb2e32cb8fb50ab7ae395cfb1e1aaaef1

Expected: /bin/ls -> 1bea8094b78a39103458d80af3d182390fda07ae5788352651eb7773505dc39af, Actual: /bin/ls -> 1bea8094b78a3910345d80af3d182390fda07ae5788352651eb7773505dc39af

Expected: /usr/bin/ssh -> 4676e10bbe0a2d6eb19a31738326c5430e2e5a00e5af8a666228ebd9e38262723, Actual: /usr/bin/ssh -> 4676e10bbe0a2d6eb19a31738326c543de2e5a90e5afa666228ebd9e38262723

Expected: /etc/passwd -> 4eddef43f754e5bdad339e6dbbca1a07082e80993ab2faef223d80f6ea9027b66, Actual: /etc/passwd -> 4eddef43f754e5bdab939e6dbbca1a0782e80993ab2faef223d80f6ea9027b66

Expected: /etc/shadow -> bfd0058a9b2cb23cad82f626b57bde10d41d6bba6c3146ccc1348e375257b7cfb, Actual: /etc/shadow -> bfd005a9b2cb23cad82f626b57bde10d41d6bba6c3146ccc1348e375257b7cfa

Modifications Occurred!

Expected: /bin/bash -> bc5945feb8bd262983ebfafea5ce18783b2e32cb8fb50ab7ae395cfb1e1aaaef1, Actual: /bin/bash -> bc5945feb8bd26203ebfafea5ce1878bb2e32cb8fb50ab7ae395cfb1e1aaaef1

Expected: /bin/ls -> 1bea8094b78a39103458d80af3d182390fda07ae5788352651eb7773505dc39af, Actual: /bin/ls -> 1bea8094b78a3910345d80af3d182390fda07ae5788352651eb7773505dc39af

Expected: /usr/bin/ssh -> 4676e10bbe0a2d6eb19a31738326c5430e2e5a00e5af8a666228ebd9e38262723, Actual: /usr/bin/ssh -> 4676e10bbe0a2d6eb19a31738326c543de2e5a90e5afa666228ebd9e38262723

Expected: /etc/passwd -> 4eddef43f754e5bdad339e6dbbca1a07082e80993ab2faef223d80f6ea9027b66, Actual: /etc/passwd -> 4eddef43f754e5bdab939e6dbbca1a0782e80993ab2faef223d80f6ea9027b66

Expected: /etc/shadow -> bfd0058a9b2cb23cad82f626b57bde10d41d6bba6c3146ccc1348e375257b7cfb, Actual: /etc/shadow -> bfd005a9b2cb23cad82f626b57bde10d41d6bba6c3146ccc1348e375257b7cfa

Modifications Occurred!

Expected: /bin/bash -> bc5945feb8bd262983ebfafea5ce18783b2e32cb8fb50ab7ae395cfb1e1aaaef1, Actual: /bin/bash -> bc5945feb8bd26203ebfafea5ce1878bb2e32cb8fb50ab7ae395cfb1e1aaaef1

Expected: /bin/ls -> 1bea8094b78a39103458d80af3d182390fda07ae5788352651eb7773505dc39af, Actual: /bin/ls -> 1bea8094b78a3910345d80af3d182390fda07ae5788352651eb7773505dc39af

Expected: /usr/bin/ssh -> 4676e10bbe0a2d6eb19a31738326c5430e2e5a00e5af8a666228ebd9e38262723, Actual: /usr/bin/ssh -> 4676e10bbe0a2d6eb19a31738326c543de2e5a90e5afa666228ebd9e38262723

Expected: /etc/passwd -> 4eddef43f754e5bdad339e6dbbca1a07082e80993ab2faef223d80f6ea9027b66, Actual: /etc/passwd -> 4eddef43f754e5bdab939e6dbbca1a0782e80993ab2faef223d80f6ea9027b66

Expected: /etc/shadow -> bfd0058a9b2cb23cad82f626b57bde10d41d6bba6c3146ccc1348e375257b7cfb, Actual: /etc/shadow -> bfd005a9b2cb23cad82f626b57bde10d41d6bba6c3146ccc1348e375257b7cfa

Modifications Occurred!

Expected: /bin/bash -> bc5945feb8bd262983ebfafea5ce18783b2e32cb8fb50ab7ae395cfb1e1aaaef1, Actual: /bin/bash -> bc5945feb8bd26203ebfafea5ce1878bb2e32cb8fb50ab7ae395cfb1e1aaaef1

Expected: /bin/ls -> 1bea8094b78a39103458d80af3d182390fda07ae5788352651eb7773505dc39af, Actual: /bin/ls -> 1bea8094b78a3910345d80af3d182390fda07ae5788352651eb7773505dc39af

Expected: /usr/bin/ssh -> 4676e10bbe0a2d6eb19a31738326c5430e2e5a00e5af8a666228ebd9e38262723, Actual: /usr/bin/ssh -> 4676e10bbe0a2d6eb19a31738326c543de2e5a90e5afa666228ebd9e38262723

Expected: /etc/passwd -> 4eddef43f754e5bdad339e6dbbca1a07082e80993ab2faef223d80f6ea9027b66, Actual: /etc/passwd -> 4eddef43f754e5bdab939e6dbbca1a0782e80993ab2faef223d80f6ea9027b66

Expected: /etc/shadow -> bfd0058a9b2cb23cad82f626b57bde10d41d6bba6c3146ccc1348e375257b7cfb, Actual: /etc/shadow -> bfd005a9b2cb23cad82f626b57bde10d41d6bba6c3146ccc1348e375257b7cfa

Modifications Occurred!

Expected: /bin/bash -> bc5945feb8bd262983ebfafea5ce18783b2e32cb8fb50ab7ae395cfb1e1aaaef1, Actual: /bin/bash -> bc5945feb8bd26203ebfafea5ce1878bb2e32cb8fb50ab7ae395cfb1e1aaaef1

Expected: /bin/ls -> 1bea8094b78a39103458d80af3d182390fda07ae5788352651eb7773505dc39af, Actual: /bin/ls -> 1bea8094b78a3910345d80af3d182390fda07ae5788352651eb7773505dc39af

Expected: /usr/bin/ssh -> 4676e10bbe0a2d6eb19a31738326c5430e2e5a00e5af8a666228ebd9e38262723, Actual: /usr/bin/ssh -> 4676e10bbe0a2d6eb19a31738326c543de2e5a90e5afa666228ebd9e38262723

Expected: /etc/passwd -> 4eddef43f754e5bdad339e6dbbca1a07082e80993ab2faef223d80f6ea9027b66, Actual: /etc/passwd -> 4eddef43f754e5bdab939e6dbbca1a0782e80993ab2faef223d80f6ea9027b66

Expected: /etc/shadow -> bfd0058a9b2cb23cad82f626b57bde10d41d6bba6c3146ccc1348e375257b7cfb, Actual: /etc/shadow -> bfd005a9b2cb23cad82f626b57bde10d41d6bba6c3146ccc1348e375257b7cfa

Modifications Occurred!

Expected: /bin/bash -> bc5945feb8bd262983ebfafea5ce18783b2e32cb8fb50ab7ae395cfb1e1aaaef1, Actual: /bin/bash -> bc5945feb8bd26203ebfafea5ce1878bb2e32cb8fb50ab7ae395cfb1e1aaaef1

Expected: /bin/ls -> 1bea8094b78a39103458d80af3d182390fda07ae5788352651eb7773505dc39af, Actual: /bin/ls -> 1bea8094b78a3910345d80af3d182390fda07ae5788352651eb7773505dc39af

Expected: /usr/bin/ssh -> 4676e10bbe0a2d6eb19a31738326c5430e2e5a00e5af8a666228ebd9e38262723, Actual: /usr/bin/ssh -> 4676e10bbe0a2d6eb19a31738326c543de2e5a90e5afa666228ebd9e38262723

Expected: /etc/passwd -> 4eddef43f754e5bdad339e6dbbca1a07082e80993ab2faef223d80f6ea9027b66, Actual: /etc/passwd -> 4eddef43f754e5bdab939e6dbbca1a0782e80993ab2faef223d80f6ea9027b66

Expected: /etc/shadow -> bfd0058a9b2cb23cad82f626b57bde10d41d6bba6c3146ccc1348e375257b7cfb, Actual: /etc/shadow -> bfd005a9b2cb23cad82f626b57bde10d41d6bba6c3146ccc1348e375257b7cfa

Modifications Occurred!

Expected: /bin/bash -> bc5945feb8bd262983ebfafea5ce18783b2e32cb8fb50ab7ae395cfb1e1aaaef1, Actual: /bin/bash -> bc5945feb8bd26203ebfafea5ce1878bb2e32cb8fb50ab7ae395cfb1e1aaaef1

Expected: /bin/ls -> 1bea8094b78a39103458d80af3d182390fda07ae5788352651eb7773505dc39af, Actual: /bin/ls -> 1bea8094b78a3910345d80af3d182390fda07ae5788352651eb7773505dc39af

Expected: /usr/bin/ssh -> 4676e10bbe0a2d6eb19a31738326c5430e2e5a00e5af8a666228ebd9e38262723, Actual: /usr/bin/ssh -> 4676e10bbe0a2d6eb19a31738326c543de2e5a90e5afa666228ebd9e38262723

Expected: /etc/passwd -> 4eddef43f754e5bdad339e6dbbca1a07082e80993ab2faef223d80f6ea9027b66, Actual: /etc/passwd -> 4eddef43f754e5bdab939e6dbbca1a0782e80993ab2faef223d80f6ea9027b66

Expected: /etc/shadow -> bfd0058a9b2cb23cad82f626b57bde10d41d6bba6c3146ccc1348e375257b7cfb, Actual: /etc/shadow -> bfd005a9b2cb23cad82f626b57bde10d41d6bba6c3146ccc1348e375257b7cfa

Modifications Occurred!

Expected: /bin/bash -> bc5945feb8bd262983ebfafea5ce18783b2e32cb8fb50ab7ae395cfb1e1aaaef1, Actual: /bin/bash -> bc5945feb8bd26203ebfafea5ce1878bb2e32cb8fb50ab7ae395cfb1e1aaaef1

Expected: /bin/ls -> 1bea8094b78a39103458d80af3d182390fda07ae5788352651eb7773505dc39af, Actual: /bin/ls -> 1bea8094b78a3910345d80af3d182390fda07ae5788352651eb7773505dc39af

Expected: /usr/bin/ssh -> 4676e10bbe0a2d6eb19a31738326c5430e2e5a00e5af8a666228ebd9e38262723, Actual: /usr/bin/ssh -> 4676e10bbe0a2d6eb19a31738326c543de2e5a90e5afa666228ebd9e38262723

Expected: /etc/passwd -> 4eddef43f754e5bdad339e6dbbca1a07082e80993ab2faef223d80f6ea9027b66, Actual: /etc/passwd -> 4eddef43f754e5bdab939e6dbbca1a0782e80993ab2faef223d80f6ea9027b66

Expected: /etc/shadow -> bfd0058a9b2cb23cad82f626b57bde10d41d6bba6c3146ccc1348e375257b7cfb, Actual: /etc/shadow -> bfd005a9b2cb23cad82f626b57bde10d41d6bba6c3146ccc1348e375257b7cfa

Modifications Occurred!

Expected: /bin/bash -> bc5945feb8bd262983ebfafea5ce18783b2e32cb8fb50ab7ae395cfb1e1aaaef1, Actual: /bin/bash -> bc5945feb8bd26203ebfafea5ce1878bb2e32cb8fb50ab7ae395cfb1e1aaaef1

Expected: /bin/ls -> 1bea8094b78a39103458d80af3d182390fda07ae5788352651eb7773505dc39af, Actual: /bin/ls -> 1bea8094b78a3910345d80af3d182390fda07ae5788352651eb7773505dc39af

Expected: /usr/bin/ssh -> 4676e10bbe0a2d6eb19a31738326c5430e2e5a00e5af8a666228ebd9e38262723, Actual: /usr/bin/ssh -> 4676e10bbe0a2d6eb19a31738326c543de2e5a90e5afa666228ebd9e38262723

Expected: /etc/passwd -> 4eddef43f754e5bdad339e6dbbca1a07082e80993ab2faef223d80f6ea9027b66, Actual: /etc/passwd -> 4eddef43f754e5bdab939e6dbbca1a0782e80993ab2faef223d80f6ea9027b66

Expected: /etc/shadow -> bfd0058a9b2cb23cad82f626b57bde10d41d6bba6c3146ccc1348e375257b7cfb, Actual: /etc/shadow -> bfd005a9b2cb23cad82f626b57bde10d41d6bba6c3146ccc1348e375257b7cfa

Modifications Occurred!

Expected: /bin/bash -> bc5945feb8bd262983ebfafea5ce18783b2e32cb8fb50ab7ae395cfb1e1aaaef1, Actual: /bin/bash -> bc5945feb8bd26203ebfafea5ce1878bb2e32cb8fb50ab7ae395cfb1e1aaaef1

Expected: /bin/ls -> 1bea8094b78a39103458d80af3d182390fda07ae5788352651eb7773505dc39af, Actual: /bin/ls -> 1bea8094b78a3910345d80af3d182390fda07ae5788352651eb7773505dc39af

Expected: /usr/bin/ssh -> 4676e10bbe0a2d6eb19a31738326c5430e2e5a00e5af8a666228ebd9e38262723, Actual: /usr/bin/ssh -> 4676e10bbe0a2d6eb19a31738326c543de2e5a90e5afa666228ebd9e38262723

Expected: /etc/passwd -> 4eddef43f754e5bdad339e6dbbca1a07082e80993ab2faef223d80f6ea9027b66, Actual: /etc/passwd -> 4eddef43f754e5bdab939e6dbbca1a0782e80993ab2faef223d80f6ea9027b66

Expected: /etc/shadow -> bfd0058a9b2cb23cad82f626b57bde10d41d6bba6c3146ccc1348e375257b7cfb, Actual: /etc/shadow -> bfd005a9b2cb23cad82f626b57bde10d41d6bba6c3146ccc1348e375257b7cfa

